0 info it worked if it ends with ok
1 verbose cli [ 'node', '/usr/local/bin/npm', 'init' ]
2 info using npm@1.3.21
3 info using node@v0.10.24
4 silly package data undefined
5 info init written successfully
6 error Error: Invalid name: "chat app"
6 error     at ensureValidName (/usr/local/lib/node_modules/npm/node_modules/read-package-json/node_modules/normalize-package-data/lib/fixer.js:297:15)
6 error     at Object.module.exports.fixNameField (/usr/local/lib/node_modules/npm/node_modules/read-package-json/node_modules/normalize-package-data/lib/fixer.js:201:5)
6 error     at /usr/local/lib/node_modules/npm/node_modules/read-package-json/node_modules/normalize-package-data/lib/normalize.js:29:38
6 error     at Array.forEach (native)
6 error     at normalize (/usr/local/lib/node_modules/npm/node_modules/read-package-json/node_modules/normalize-package-data/lib/normalize.js:28:15)
6 error     at final (/usr/local/lib/node_modules/npm/node_modules/read-package-json/read-json.js:310:33)
6 error     at then (/usr/local/lib/node_modules/npm/node_modules/read-package-json/read-json.js:124:33)
6 error     at /usr/local/lib/node_modules/npm/node_modules/read-package-json/read-json.js:284:48
6 error     at fs.js:207:20
6 error     at OpenReq.Req.done (/usr/local/lib/node_modules/npm/node_modules/graceful-fs/graceful-fs.js:142:5)
7 error If you need help, you may report this *entire* log,
7 error including the npm and node versions, at:
7 error     <http://github.com/isaacs/npm/issues>
8 error System Darwin 12.5.0
9 error command "node" "/usr/local/bin/npm" "init"
10 error cwd /Users/angelaren/Google Drive/CMU/Fall2013Courses/SSUI Web Lab/HW/p4/chat app
11 error node -v v0.10.24
12 error npm -v 1.3.21
13 verbose exit [ 1, true ]
